<?xml version="1.0" encoding="UTF-8"?>
<testsuite xmlns:xsi="http://www.w3.org/2001/XMLSchema-instance" xsi:noNamespaceSchemaLocation="https://maven.apache.org/surefire/maven-surefire-plugin/xsd/surefire-test-report-3.0.xsd" version="3.0" name="com.hidechat.modules.auth.AuthServiceImplTest" time="1.227" tests="13" errors="0" skipped="0" failures="0">
  <properties>
[...]
</properties>
  <testcase name="shouldRegisterByEmailSuccessfully" classname="com.hidechat.modules.auth.AuthServiceImplTest" time="0.285"/>
  <testcase name="shouldLoginByEmailCodeSuccessfully" classname="com.hidechat.modules.auth.AuthServiceImplTest" time="0.162"/>
  <testcase name="shouldLogoutSuccessfully" classname="com.hidechat.modules.auth.AuthServiceImplTest" time="0.006"/>
  <testcase name="shouldRejectWrongPasswordLogin" classname="com.hidechat.modules.auth.AuthServiceImplTest" time="0.112"/>
  <testcase name="shouldLoginByPasswordSuccessfully" classname="com.hidechat.modules.auth.AuthServiceImplTest" time="0.111"/>
  <testcase name="shouldSendEmailCodeSuccessfully" classname="com.hidechat.modules.auth.AuthServiceImplTest" time="0.055"/>
  <testcase name="shouldRejectTooFrequentEmailCodeSend" classname="com.hidechat.modules.auth.AuthServiceImplTest" time="0.003"/>
  <testcase name="shouldRejectRegisterWithUsedEmailCode" classname="com.hidechat.modules.auth.AuthServiceImplTest" time="0.055"/>
  <testcase name="shouldRefreshTokenSuccessfully" classname="com.hidechat.modules.auth.AuthServiceImplTest" time="0.004"/>
  <testcase name="shouldResetPasswordAndRevokeTokens" classname="com.hidechat.modules.auth.AuthServiceImplTest" time="0.267"/>
  <testcase name="shouldRejectRegisterWithExpiredEmailCode" classname="com.hidechat.modules.auth.AuthServiceImplTest" time="0.055"/>
  <testcase name="shouldRejectRegisterWithWrongEmailCode" classname="com.hidechat.modules.auth.AuthServiceImplTest" time="0.107"/>
  <testcase name="shouldRejectInvalidRefreshToken" classname="com.hidechat.modules.auth.AuthServiceImplTest" time="0.002"/>
</testsuite>